
ERROR [main] (DBUtil.java:93) 2015-07-27 11:33:17,026
  Log from:[utils.DBUtil]
  Log msg:[更新通用方法出错！请检查参数数量是否正确！]
  com.mysql.jdbc.exceptions.jdbc4.MySQLIntegrityConstraintViolationException: Duplicate entry '1' for key 'PRIMARY'
	at sun.reflect.NativeConstructorAccessorImpl.newInstance0(Native Method)
	at sun.reflect.NativeConstructorAccessorImpl.newInstance(Unknown Source)
	at sun.reflect.DelegatingConstructorAccessorImpl.newInstance(Unknown Source)
	at java.lang.reflect.Constructor.newInstance(Unknown Source)
	at com.mysql.jdbc.Util.handleNewInstance(Util.java:389)
	at com.mysql.jdbc.Util.getInstance(Util.java:372)
	at com.mysql.jdbc.SQLError.createSQLException(SQLError.java:973)
	at com.mysql.jdbc.MysqlIO.checkErrorPacket(MysqlIO.java:3835)
	at com.mysql.jdbc.MysqlIO.checkErrorPacket(MysqlIO.java:3771)
	at com.mysql.jdbc.MysqlIO.sendCommand(MysqlIO.java:2435)
	at com.mysql.jdbc.MysqlIO.sqlQueryDirect(MysqlIO.java:2582)
	at com.mysql.jdbc.ConnectionImpl.execSQL(ConnectionImpl.java:2535)
	at com.mysql.jdbc.PreparedStatement.executeInternal(PreparedStatement.java:1911)
	at com.mysql.jdbc.PreparedStatement.executeUpdate(PreparedStatement.java:2145)
	at com.mysql.jdbc.PreparedStatement.executeUpdate(PreparedStatement.java:2081)
	at com.mysql.jdbc.PreparedStatement.executeUpdate(PreparedStatement.java:2066)
	at com.mchange.v2.c3p0.impl.NewProxyPreparedStatement.executeUpdate(NewProxyPreparedStatement.java:105)
	at utils.DBUtil.executeUpdate(DBUtil.java:91)
	at db.dao.Artical_analysisDAO.addArtical_analysis(Artical_analysisDAO.java:21)
	at service.Test1.analyze(Test1.java:64)
	at service.Test1.main(Test1.java:26)

ERROR [main] (DBUtil.java:93) 2015-07-27 11:35:18,134
  Log from:[utils.DBUtil]
  Log msg:[更新通用方法出错！请检查参数数量是否正确！]
  com.mysql.jdbc.exceptions.jdbc4.MySQLIntegrityConstraintViolationException: Duplicate entry '1' for key 'PRIMARY'
	at sun.reflect.NativeConstructorAccessorImpl.newInstance0(Native Method)
	at sun.reflect.NativeConstructorAccessorImpl.newInstance(Unknown Source)
	at sun.reflect.DelegatingConstructorAccessorImpl.newInstance(Unknown Source)
	at java.lang.reflect.Constructor.newInstance(Unknown Source)
	at com.mysql.jdbc.Util.handleNewInstance(Util.java:389)
	at com.mysql.jdbc.Util.getInstance(Util.java:372)
	at com.mysql.jdbc.SQLError.createSQLException(SQLError.java:973)
	at com.mysql.jdbc.MysqlIO.checkErrorPacket(MysqlIO.java:3835)
	at com.mysql.jdbc.MysqlIO.checkErrorPacket(MysqlIO.java:3771)
	at com.mysql.jdbc.MysqlIO.sendCommand(MysqlIO.java:2435)
	at com.mysql.jdbc.MysqlIO.sqlQueryDirect(MysqlIO.java:2582)
	at com.mysql.jdbc.ConnectionImpl.execSQL(ConnectionImpl.java:2535)
	at com.mysql.jdbc.PreparedStatement.executeInternal(PreparedStatement.java:1911)
	at com.mysql.jdbc.PreparedStatement.executeUpdate(PreparedStatement.java:2145)
	at com.mysql.jdbc.PreparedStatement.executeUpdate(PreparedStatement.java:2081)
	at com.mysql.jdbc.PreparedStatement.executeUpdate(PreparedStatement.java:2066)
	at com.mchange.v2.c3p0.impl.NewProxyPreparedStatement.executeUpdate(NewProxyPreparedStatement.java:105)
	at utils.DBUtil.executeUpdate(DBUtil.java:91)
	at db.dao.Artical_analysisDAO.addArtical_analysis(Artical_analysisDAO.java:21)
	at service.Test1.analyze(Test1.java:64)
	at service.Test1.main(Test1.java:26)
